<?xml version="1.0" encoding="UTF-8"?>
<testsuite name="SILab2Test" tests="1" skipped="0" failures="0" errors="0" timestamp="2020-06-11T21:55:20" hostname="Family" time="0.037">
  <properties/>
  <testcase name="everyPath()" classname="SILab2Test" time="0.037"/>
  <system-out><![CDATA[]]></system-out>
  <system-err><![CDATA[]]></system-err>
</testsuite>
